<?xml version="1.0" ?>
<coverage version="7.10.7" timestamp="1759409246177" lines-valid="4658" lines-covered="1750" line-rate="0.3757" branches-valid="1176" branches-covered="40" branch-rate="0.03401" complexity="0">
	<!-- Generated by coverage.py: https://coverage.readthedocs.io/en/7.10.7 -->
	<!-- Based on https://raw.githubusercontent.com/cobertura/web/master/htdocs/xml/coverage-04.dtd -->
	<sources>
		<source>/home/marlonsc/flext/flext-api/src</source>
	</sources>
	<packages>
		<package name="flext_api" line-rate="0.4502" branch-rate="0.05065" complexity="0">
			<classes>
				<class name="__init__.py" filename="flext_api/__init__.py" complexity="0" line-rate="1" branch-rate="1">
					<methods/>
					<lines>
						<line number="10" hits="1"/>
						<line number="12" hits="1"/>
						<line number="13" hits="1"/>
						<line number="14" hits="1"/>
						<line number="15" hits="1"/>
						<line number="16" hits="1"/>
						<line number="17" hits="1"/>
						<line number="18" hits="1"/>
						<line number="19" hits="1"/>
						<line number="20" hits="1"/>
						<line number="21" hits="1"/>
						<line number="22" hits="1"/>
						<line number="23" hits="1"/>
						<line number="25" hits="1"/>
						<line number="27" hits="1"/>
						<line number="28" hits="1"/>
						<line number="29" hits="1"/>
						<line number="30" hits="1"/>
						<line number="31" hits="1"/>
						<line number="32" hits="1"/>
						<line number="33" hits="1"/>
						<line number="34" hits="1"/>
						<line number="35" hits="1"/>
						<line number="36" hits="1"/>
						<line number="38" hits="1"/>
					</lines>
				</class>
				<class name="__version__.py" filename="flext_api/__version__.py" complexity="0" line-rate="1" branch-rate="1">
					<methods/>
					<lines>
						<line number="4" hits="1"/>
						<line number="6" hits="1"/>
						<line number="7" hits="1"/>
						<line number="8" hits="1"/>
						<line number="10" hits="1"/>
						<line number="12" hits="1"/>
						<line number="13" hits="1"/>
						<line number="16" hits="1"/>
						<line number="17" hits="1"/>
						<line number="20" hits="1"/>
						<line number="21" hits="1"/>
						<line number="22" hits="1"/>
						<line number="23" hits="1"/>
						<line number="24" hits="1"/>
						<line number="25" hits="1"/>
						<line number="26" hits="1"/>
						<line number="27" hits="1"/>
						<line number="28" hits="1"/>
						<line number="29" hits="1"/>
						<line number="30" hits="1"/>
						<line number="31" hits="1"/>
						<line number="33" hits="1"/>
						<line number="34" hits="1"/>
						<line number="37" hits="1"/>
						<line number="53" hits="1"/>
						<line number="55" hits="1"/>
						<line number="56" hits="1"/>
						<line number="57" hits="1"/>
						<line number="58" hits="1"/>
						<line number="59" hits="1"/>
						<line number="60" hits="1"/>
						<line number="61" hits="1"/>
						<line number="62" hits="1"/>
						<line number="63" hits="1"/>
						<line number="64" hits="1"/>
						<line number="65" hits="1"/>
						<line number="66" hits="1"/>
						<line number="68" hits="1"/>
					</lines>
				</class>
				<class name="adapters.py" filename="flext_api/adapters.py" complexity="0" line-rate="0" branch-rate="0">
					<methods/>
					<lines>
						<line number="16" hits="0"/>
						<line number="18" hits="0"/>
						<line number="19" hits="0"/>
						<line number="21" hits="0"/>
						<line number="22" hits="0"/>
						<line number="23" hits="0"/>
						<line number="26" hits="0"/>
						<line number="29" hits="0"/>
						<line number="43" hits="0"/>
						<line number="58" hits="0"/>
						<line number="69" hits="0"/>
						<line number="71" hits="0"/>
						<line number="73" hits="0"/>
						<line number="85" hits="0"/>
						<line number="87" hits="0"/>
						<line number="95" hits="0"/>
						<line number="100" hits="0"/>
						<line number="102" hits="0"/>
						<line number="103" hits="0"/>
						<line number="107" hits="0"/>
						<line number="119" hits="0"/>
						<line number="121" hits="0"/>
						<line number="122" hits="0"/>
						<line number="123" hits="0"/>
						<line number="124" hits="0"/>
						<line number="125" hits="0"/>
						<line number="127" hits="0"/>
						<line number="135" hits="0"/>
						<line number="140" hits="0"/>
						<line number="142" hits="0"/>
						<line number="143" hits="0"/>
						<line number="148" hits="0"/>
						<line number="159" hits="0"/>
						<line number="166" hits="0"/>
						<line number="167" hits="0"/>
						<line number="169" hits="0"/>
						<line number="182" hits="0"/>
						<line number="184" hits="0"/>
						<line number="197" hits="0"/>
						<line number="199" hits="0"/>
						<line number="201" hits="0"/>
						<line number="202" hits="0"/>
						<line number="206" hits="0"/>
						<line number="218" hits="0"/>
						<line number="220" hits="0" branch="true" condition-coverage="0% (0/2)" missing-branches="221,225"/>
						<line number="221" hits="0"/>
						<line number="225" hits="0"/>
						<line number="228" hits="0" branch="true" condition-coverage="0% (0/2)" missing-branches="229,235"/>
						<line number="229" hits="0"/>
						<line number="230" hits="0"/>
						<line number="231" hits="0"/>
						<line number="235" hits="0"/>
						<line number="237" hits="0"/>
						<line number="238" hits="0"/>
						<line number="240" hits="0"/>
						<line number="241" hits="0"/>
						<line number="246" hits="0"/>
						<line number="257" hits="0"/>
						<line number="259" hits="0"/>
						<line number="261" hits="0"/>
						<line number="273" hits="0"/>
						<line number="275" hits="0"/>
						<line number="282" hits="0"/>
						<line number="283" hits="0" branch="true" condition-coverage="0% (0/2)" missing-branches="284,303"/>
						<line number="284" hits="0"/>
						<line number="285" hits="0"/>
						<line number="291" hits="0" branch="true" condition-coverage="0% (0/2)" missing-branches="283,292"/>
						<line number="292" hits="0" branch="true" condition-coverage="0% (0/2)" missing-branches="291,293"/>
						<line number="293" hits="0"/>
						<line number="294" hits="0"/>
						<line number="303" hits="0"/>
						<line number="305" hits="0"/>
						<line number="307" hits="0"/>
						<line number="308" hits="0"/>
						<line number="312" hits="0"/>
						<line number="324" hits="0"/>
						<line number="326" hits="0"/>
						<line number="327" hits="0"/>
						<line number="328" hits="0"/>
						<line number="331" hits="0"/>
						<line number="332" hits="0"/>
						<line number="334" hits="0" branch="true" condition-coverage="0% (0/2)" missing-branches="335,349"/>
						<line number="335" hits="0" branch="true" condition-coverage="0% (0/2)" missing-branches="334,336"/>
						<line number="336" hits="0"/>
						<line number="337" hits="0"/>
						<line number="339" hits="0" branch="true" condition-coverage="0% (0/2)" missing-branches="340,345"/>
						<line number="340" hits="0"/>
						<line number="343" hits="0"/>
						<line number="345" hits="0"/>
						<line number="346" hits="0"/>
						<line number="349" hits="0"/>
						<line number="350" hits="0" branch="true" condition-coverage="0% (0/2)" missing-branches="351,362"/>
						<line number="351" hits="0" branch="true" condition-coverage="0% (0/2)" missing-branches="350,352"/>
						<line number="352" hits="0"/>
						<line number="354" hits="0" branch="true" condition-coverage="0% (0/2)" missing-branches="356,357"/>
						<line number="356" hits="0"/>
						<line number="357" hits="0" branch="true" condition-coverage="0% (0/2)" missing-branches="351,359"/>
						<line number="359" hits="0"/>
						<line number="362" hits="0"/>
						<line number="363" hits="0"/>
						<line number="365" hits="0" branch="true" condition-coverage="0% (0/2)" missing-branches="366,368"/>
						<line number="366" hits="0"/>
						<line number="368" hits="0" branch="true" condition-coverage="0% (0/2)" missing-branches="369,371"/>
						<line number="369" hits="0"/>
						<line number="371" hits="0"/>
						<line number="373" hits="0"/>
						<line number="375" hits="0"/>
						<line number="377" hits="0"/>
						<line number="378" hits="0"/>
						<line number="382" hits="0"/>
						<line number="392" hits="0"/>
						<line number="401" hits="0"/>
						<line number="404" hits="0"/>
						<line number="415" hits="0"/>
						<line number="422" hits="0"/>
						<line number="423" hits="0"/>
						<line number="425" hits="0"/>
						<line number="437" hits="0"/>
						<line number="439" hits="0"/>
						<line number="448" hits="0"/>
						<line number="453" hits="0"/>
						<line number="455" hits="0"/>
						<line number="456" hits="0"/>
						<line number="460" hits="0"/>
						<line number="472" hits="0"/>
						<line number="474" hits="0"/>
						<line number="486" hits="0"/>
						<line number="491" hits="0"/>
						<line number="493" hits="0"/>
						<line number="494" hits="0"/>
						<line number="498" hits="0"/>
						<line number="509" hits="0"/>
						<line number="511" hits="0" branch="true" condition-coverage="0% (0/2)" missing-branches="513,515"/>
						<line number="513" hits="0"/>
						<line number="515" hits="0"/>
						<line number="517" hits="0"/>
						<line number="528" hits="0"/>
						<line number="530" hits="0" branch="true" condition-coverage="0% (0/2)" missing-branches="532,535"/>
						<line number="532" hits="0"/>
						<line number="533" hits="0"/>
						<line number="535" hits="0"/>
						<line number="537" hits="0"/>
						<line number="548" hits="0"/>
						<line number="550" hits="0" branch="true" condition-coverage="0% (0/2)" missing-branches="552,555"/>
						<line number="552" hits="0"/>
						<line number="553" hits="0"/>
						<line number="555" hits="0"/>
						<line number="557" hits="0"/>
						<line number="568" hits="0"/>
						<line number="576" hits="0"/>
						<line number="578" hits="0"/>
						<line number="588" hits="0"/>
						<line number="590" hits="0"/>
						<line number="600" hits="0"/>
						<line number="601" hits="0"/>
						<line number="604" hits="0"/>
					</lines>
				</class>
				<class name="api.py" filename="flext_api/api.py" complexity="0" line-rate="0.7344" branch-rate="0">
					<methods/>
					<lines>
						<line number="10" hits="1"/>
						<line number="12" hits="1"/>
						<line number="13" hits="1"/>
						<line number="14" hits="1"/>
						<line number="15" hits="1"/>
						<line number="16" hits="1"/>
						<line number="17" hits="1"/>
						<line number="18" hits="1"/>
						<line number="19" hits="1"/>
						<line number="20" hits="1"/>
						<line number="21" hits="1"/>
						<line number="22" hits="1"/>
						<line number="24" hits="1"/>
						<line number="27" hits="1"/>
						<line number="73" hits="1"/>
						<line number="74" hits="1"/>
						<line number="75" hits="1"/>
						<line number="76" hits="1"/>
						<line number="77" hits="1"/>
						<line number="78" hits="1"/>
						<line number="79" hits="1"/>
						<line number="80" hits="1"/>
						<line number="81" hits="1"/>
						<line number="82" hits="1"/>
						<line number="85" hits="1"/>
						<line number="86" hits="1"/>
						<line number="87" hits="1"/>
						<line number="88" hits="1"/>
						<line number="89" hits="1"/>
						<line number="90" hits="1"/>
						<line number="91" hits="1"/>
						<line number="92" hits="1"/>
						<line number="93" hits="1"/>
						<line number="96" hits="1"/>
						<line number="97" hits="1"/>
						<line number="117" hits="0"/>
						<line number="125" hits="1"/>
						<line number="126" hits="1"/>
						<line number="144" hits="0"/>
						<line number="150" hits="0"/>
						<line number="152" hits="1"/>
						<line number="153" hits="1"/>
						<line number="169" hits="0"/>
						<line number="174" hits="0"/>
						<line number="176" hits="1"/>
						<line number="177" hits="1"/>
						<line number="193" hits="0"/>
						<line number="194" hits="0" branch="true" condition-coverage="0% (0/2)" missing-branches="195,196"/>
						<line number="195" hits="0"/>
						<line number="196" hits="0"/>
						<line number="198" hits="1"/>
						<line number="199" hits="1"/>
						<line number="213" hits="0"/>
						<line number="214" hits="0"/>
						<line number="217" hits="1"/>
						<line number="218" hits="1"/>
						<line number="228" hits="0"/>
						<line number="229" hits="0"/>
						<line number="231" hits="1"/>
						<line number="232" hits="1"/>
						<line number="242" hits="0"/>
						<line number="243" hits="0"/>
						<line number="244" hits="0"/>
						<line number="245" hits="0"/>
					</lines>
				</class>
				<class name="app.py" filename="flext_api/app.py" complexity="0" line-rate="0.6111" branch-rate="0.5">
					<methods/>
					<lines>
						<line number="12" hits="1"/>
						<line number="14" hits="1"/>
						<line number="15" hits="1"/>
						<line number="17" hits="1"/>
						<line number="19" hits="1"/>
						<line number="20" hits="1"/>
						<line number="21" hits="1"/>
						<line number="22" hits="1"/>
						<line number="25" hits="1"/>
						<line number="36" hits="1"/>
						<line number="46" hits="0"/>
						<line number="48" hits="1"/>
						<line number="51" hits="1"/>
						<line number="52" hits="1"/>
						<line number="77" hits="1"/>
						<line number="78" hits="1"/>
						<line number="86" hits="0"/>
						<line number="87" hits="0"/>
						<line number="88" hits="0"/>
						<line number="90" hits="1"/>
						<line number="91" hits="1"/>
						<line number="102" hits="1"/>
						<line number="106" hits="1"/>
						<line number="112" hits="1"/>
						<line number="121" hits="1" branch="true" condition-coverage="50% (1/2)" missing-branches="131"/>
						<line number="123" hits="1"/>
						<line number="124" hits="0"/>
						<line number="127" hits="1"/>
						<line number="128" hits="1"/>
						<line number="129" hits="1"/>
						<line number="131" hits="1"/>
						<line number="133" hits="1"/>
						<line number="135" hits="1"/>
						<line number="136" hits="1"/>
						<line number="157" hits="0"/>
						<line number="158" hits="0"/>
						<line number="165" hits="0"/>
						<line number="167" hits="0"/>
						<line number="168" hits="0"/>
						<line number="169" hits="0"/>
						<line number="170" hits="0"/>
						<line number="172" hits="1"/>
						<line number="173" hits="1"/>
						<line number="187" hits="0"/>
						<line number="188" hits="0"/>
						<line number="193" hits="0"/>
						<line number="195" hits="0"/>
						<line number="196" hits="0"/>
						<line number="197" hits="0"/>
						<line number="198" hits="0"/>
						<line number="202" hits="1"/>
						<line number="236" hits="0"/>
						<line number="244" hits="0"/>
						<line number="247" hits="1"/>
					</lines>
				</class>
				<class name="client.py" filename="flext_api/client.py" complexity="0" line-rate="0.4216" branch-rate="0.1739">
					<methods/>
					<lines>
						<line number="7" hits="1"/>
						<line number="9" hits="1"/>
						<line number="10" hits="1"/>
						<line number="11" hits="1"/>
						<line number="12" hits="1"/>
						<line number="13" hits="1"/>
						<line number="14" hits="1"/>
						<line number="16" hits="1"/>
						<line number="17" hits="1"/>
						<line number="19" hits="1"/>
						<line number="20" hits="1"/>
						<line number="21" hits="1"/>
						<line number="22" hits="1"/>
						<line number="23" hits="1"/>
						<line number="24" hits="1"/>
						<line number="25" hits="1"/>
						<line number="26" hits="1"/>
						<line number="27" hits="1"/>
						<line number="28" hits="1"/>
						<line number="39" hits="1"/>
						<line number="85" hits="1"/>
						<line number="88" hits="1"/>
						<line number="89" hits="1"/>
						<line number="90" hits="1"/>
						<line number="91" hits="1"/>
						<line number="92" hits="1"/>
						<line number="93" hits="1"/>
						<line number="95" hits="1"/>
						<line number="103" hits="1"/>
						<line number="104" hits="1"/>
						<line number="105" hits="1"/>
						<line number="106" hits="1"/>
						<line number="109" hits="1"/>
						<line number="110" hits="1"/>
						<line number="111" hits="1"/>
						<line number="113" hits="1"/>
						<line number="114" hits="1"/>
						<line number="145" hits="1"/>
						<line number="148" hits="1"/>
						<line number="149" hits="1"/>
						<line number="150" hits="1"/>
						<line number="151" hits="1"/>
						<line number="154" hits="1"/>
						<line number="155" hits="1"/>
						<line number="164" hits="1"/>
						<line number="165" hits="1"/>
						<line number="166" hits="0"/>
						<line number="167" hits="0"/>
						<line number="168" hits="0"/>
						<line number="171" hits="1"/>
						<line number="174" hits="1"/>
						<line number="177" hits="1"/>
						<line number="178" hits="1" branch="true" condition-coverage="100% (2/2)"/>
						<line number="180" hits="1"/>
						<line number="188" hits="1"/>
						<line number="189" hits="1" branch="true" condition-coverage="50% (1/2)" missing-branches="190"/>
						<line number="190" hits="0"/>
						<line number="191" hits="0"/>
						<line number="193" hits="1"/>
						<line number="195" hits="1"/>
						<line number="198" hits="1"/>
						<line number="201" hits="1"/>
						<line number="202" hits="1"/>
						<line number="203" hits="1"/>
						<line number="204" hits="1"/>
						<line number="207" hits="1"/>
						<line number="208" hits="1"/>
						<line number="209" hits="1"/>
						<line number="212" hits="1"/>
						<line number="213" hits="1"/>
						<line number="214" hits="1"/>
						<line number="217" hits="1"/>
						<line number="218" hits="1"/>
						<line number="219" hits="1"/>
						<line number="220" hits="1"/>
						<line number="222" hits="1"/>
						<line number="232" hits="1"/>
						<line number="242" hits="1"/>
						<line number="245" hits="1"/>
						<line number="246" hits="1"/>
						<line number="247" hits="1"/>
						<line number="249" hits="1"/>
						<line number="256" hits="0"/>
						<line number="258" hits="0" branch="true" condition-coverage="0% (0/2)" missing-branches="259,261"/>
						<line number="259" hits="0"/>
						<line number="261" hits="0"/>
						<line number="262" hits="0"/>
						<line number="263" hits="0"/>
						<line number="266" hits="0"/>
						<line number="267" hits="0"/>
						<line number="268" hits="0" branch="true" condition-coverage="0% (0/2)" missing-branches="269,272"/>
						<line number="269" hits="0"/>
						<line number="272" hits="0"/>
						<line number="280" hits="0"/>
						<line number="282" hits="0"/>
						<line number="283" hits="0"/>
						<line number="284" hits="0"/>
						<line number="285" hits="0"/>
						<line number="287" hits="1"/>
						<line number="293" hits="0"/>
						<line number="295" hits="1"/>
						<line number="301" hits="0"/>
						<line number="303" hits="1"/>
						<line number="309" hits="0"/>
						<line number="311" hits="1"/>
						<line number="317" hits="0"/>
						<line number="319" hits="1"/>
						<line number="321" hits="1"/>
						<line number="331" hits="1"/>
						<line number="334" hits="1"/>
						<line number="335" hits="1"/>
						<line number="336" hits="1"/>
						<line number="338" hits="1"/>
						<line number="342" hits="0"/>
						<line number="343" hits="0" branch="true" condition-coverage="0% (0/2)" missing-branches="344,348"/>
						<line number="344" hits="0"/>
						<line number="348" hits="0" branch="true" condition-coverage="0% (0/2)" missing-branches="349,352"/>
						<line number="349" hits="0"/>
						<line number="350" hits="0"/>
						<line number="351" hits="0"/>
						<line number="352" hits="0" branch="true" condition-coverage="0% (0/2)" missing-branches="353,354"/>
						<line number="353" hits="0"/>
						<line number="354" hits="0"/>
						<line number="358" hits="0"/>
						<line number="359" hits="0"/>
						<line number="363" hits="1"/>
						<line number="370" hits="0"/>
						<line number="371" hits="0" branch="true" condition-coverage="0% (0/2)" missing-branches="372,374"/>
						<line number="372" hits="0"/>
						<line number="374" hits="0"/>
						<line number="375" hits="0"/>
						<line number="376" hits="0"/>
						<line number="378" hits="0"/>
						<line number="379" hits="0"/>
						<line number="381" hits="1"/>
						<line number="383" hits="0"/>
						<line number="384" hits="0" branch="true" condition-coverage="0% (0/2)" missing-branches="385,387"/>
						<line number="385" hits="0"/>
						<line number="387" hits="0" branch="true" condition-coverage="0% (0/2)" missing-branches="388,391"/>
						<line number="388" hits="0"/>
						<line number="389" hits="0"/>
						<line number="390" hits="0"/>
						<line number="391" hits="0"/>
						<line number="393" hits="0"/>
						<line number="394" hits="0"/>
						<line number="396" hits="1"/>
						<line number="398" hits="0"/>
						<line number="399" hits="0"/>
						<line number="400" hits="0"/>
						<line number="401" hits="0"/>
						<line number="402" hits="0"/>
						<line number="404" hits="1"/>
						<line number="406" hits="0"/>
						<line number="407" hits="0"/>
						<line number="408" hits="0"/>
						<line number="409" hits="0"/>
						<line number="410" hits="0"/>
						<line number="411" hits="0"/>
						<line number="413" hits="1"/>
						<line number="415" hits="0"/>
						<line number="416" hits="0"/>
						<line number="417" hits="0"/>
						<line number="418" hits="0"/>
						<line number="419" hits="0"/>
						<line number="423" hits="1"/>
						<line number="427" hits="1"/>
						<line number="437" hits="1"/>
						<line number="440" hits="1"/>
						<line number="441" hits="1"/>
						<line number="443" hits="1"/>
						<line number="445" hits="0"/>
						<line number="447" hits="1"/>
						<line number="449" hits="0"/>
						<line number="451" hits="1"/>
						<line number="453" hits="0"/>
						<line number="455" hits="1"/>
						<line number="457" hits="0"/>
						<line number="459" hits="1"/>
						<line number="462" hits="1"/>
						<line number="463" hits="1"/>
						<line number="465" hits="0"/>
						<line number="467" hits="1"/>
						<line number="468" hits="1"/>
						<line number="470" hits="0"/>
						<line number="472" hits="1"/>
						<line number="473" hits="1"/>
						<line number="475" hits="1"/>
						<line number="478" hits="1"/>
						<line number="479" hits="1"/>
						<line number="481" hits="0"/>
						<line number="483" hits="1"/>
						<line number="484" hits="1"/>
						<line number="486" hits="0"/>
						<line number="488" hits="1"/>
						<line number="489" hits="1"/>
						<line number="491" hits="0"/>
						<line number="493" hits="1"/>
						<line number="494" hits="1"/>
						<line number="496" hits="0"/>
						<line number="498" hits="1"/>
						<line number="499" hits="1"/>
						<line number="501" hits="0"/>
						<line number="503" hits="1"/>
						<line number="504" hits="1"/>
						<line number="506" hits="0"/>
						<line number="508" hits="1"/>
						<line number="520" hits="1"/>
						<line number="522" hits="1"/>
						<line number="532" hits="1"/>
						<line number="535" hits="1" branch="true" condition-coverage="50% (1/2)" missing-branches="539"/>
						<line number="536" hits="1"/>
						<line number="539" hits="1"/>
						<line number="549" hits="1"/>
						<line number="551" hits="1"/>
						<line number="559" hits="1"/>
						<line number="561" hits="0"/>
						<line number="562" hits="0"/>
						<line number="563" hits="0"/>
						<line number="564" hits="0"/>
						<line number="566" hits="1"/>
						<line number="590" hits="1"/>
						<line number="591" hits="1"/>
						<line number="592" hits="1"/>
						<line number="593" hits="1"/>
						<line number="595" hits="1"/>
						<line number="596" hits="1"/>
						<line number="597" hits="1"/>
						<line number="598" hits="1"/>
						<line number="600" hits="1" branch="true" condition-coverage="50% (1/2)" missing-branches="601"/>
						<line number="601" hits="0"/>
						<line number="602" hits="0"/>
						<line number="603" hits="0"/>
						<line number="604" hits="0"/>
						<line number="605" hits="1" branch="true" condition-coverage="50% (1/2)" missing-branches="607"/>
						<line number="607" hits="0"/>
						<line number="608" hits="0"/>
						<line number="609" hits="0"/>
						<line number="610" hits="0"/>
						<line number="613" hits="1" branch="true" condition-coverage="50% (1/2)" missing-branches="614"/>
						<line number="614" hits="0"/>
						<line number="615" hits="1" branch="true" condition-coverage="50% (1/2)" missing-branches="616"/>
						<line number="616" hits="0" branch="true" condition-coverage="0% (0/2)" missing-branches="617,648"/>
						<line number="617" hits="0" branch="true" condition-coverage="0% (0/2)" missing-branches="616,618"/>
						<line number="618" hits="0" branch="true" condition-coverage="0% (0/2)" missing-branches="619,620"/>
						<line number="619" hits="0"/>
						<line number="620" hits="0" branch="true" condition-coverage="0% (0/2)" missing-branches="621,622"/>
						<line number="621" hits="0"/>
						<line number="622" hits="0" branch="true" condition-coverage="0% (0/2)" missing-branches="623,624"/>
						<line number="623" hits="0"/>
						<line number="624" hits="0" branch="true" condition-coverage="0% (0/2)" missing-branches="616,625"/>
						<line number="625" hits="0"/>
						<line number="627" hits="1" branch="true" condition-coverage="50% (1/2)" missing-branches="628"/>
						<line number="628" hits="0"/>
						<line number="629" hits="0" branch="true" condition-coverage="0% (0/2)" missing-branches="630,631"/>
						<line number="630" hits="0"/>
						<line number="631" hits="1" branch="true" condition-coverage="50% (1/2)" missing-branches="632"/>
						<line number="632" hits="0"/>
						<line number="633" hits="0" branch="true" condition-coverage="0% (0/2)" missing-branches="634,635"/>
						<line number="634" hits="0"/>
						<line number="635" hits="1" branch="true" condition-coverage="50% (1/2)" missing-branches="636"/>
						<line number="636" hits="0"/>
						<line number="637" hits="0" branch="true" condition-coverage="0% (0/2)" missing-branches="638,639"/>
						<line number="638" hits="0"/>
						<line number="639" hits="1" branch="true" condition-coverage="50% (1/2)" missing-branches="640"/>
						<line number="640" hits="0"/>
						<line number="641" hits="0" branch="true" condition-coverage="0% (0/2)" missing-branches="643,648"/>
						<line number="643" hits="0"/>
						<line number="644" hits="0" branch="true" condition-coverage="0% (0/2)" missing-branches="645,648"/>
						<line number="645" hits="0" branch="true" condition-coverage="0% (0/2)" missing-branches="644,646"/>
						<line number="646" hits="0"/>
						<line number="648" hits="1" branch="true" condition-coverage="50% (1/2)" missing-branches="650"/>
						<line number="649" hits="1"/>
						<line number="650" hits="1" branch="true" condition-coverage="100% (2/2)"/>
						<line number="651" hits="1"/>
						<line number="652" hits="1" branch="true" condition-coverage="100% (2/2)"/>
						<line number="653" hits="1"/>
						<line number="654" hits="1" branch="true" condition-coverage="50% (1/2)" missing-branches="655"/>
						<line number="655" hits="0"/>
						<line number="657" hits="1" branch="true" condition-coverage="100% (2/2)"/>
						<line number="658" hits="1" branch="true" condition-coverage="50% (1/2)" missing-branches="657"/>
						<line number="659" hits="1" branch="true" condition-coverage="50% (1/2)" missing-branches="660"/>
						<line number="660" hits="0"/>
						<line number="661" hits="0" branch="true" condition-coverage="0% (0/2)" missing-branches="657,665"/>
						<line number="665" hits="0"/>
						<line number="666" hits="1" branch="true" condition-coverage="50% (1/2)" missing-branches="667"/>
						<line number="667" hits="0" branch="true" condition-coverage="0% (0/2)" missing-branches="668,669"/>
						<line number="668" hits="0"/>
						<line number="669" hits="0" branch="true" condition-coverage="0% (0/2)" missing-branches="657,670"/>
						<line number="670" hits="0"/>
						<line number="672" hits="1"/>
						<line number="681" hits="1"/>
						<line number="693" hits="0"/>
						<line number="696" hits="0" branch="true" condition-coverage="0% (0/2)" missing-branches="697,698"/>
						<line number="697" hits="0"/>
						<line number="698" hits="0"/>
						<line number="700" hits="1"/>
						<line number="712" hits="0"/>
						<line number="714" hits="0"/>
						<line number="715" hits="0" branch="true" condition-coverage="0% (0/2)" missing-branches="716,720"/>
						<line number="716" hits="0"/>
						<line number="720" hits="0"/>
						<line number="723" hits="0"/>
						<line number="725" hits="0" branch="true" condition-coverage="0% (0/2)" missing-branches="727,740"/>
						<line number="727" hits="0"/>
						<line number="731" hits="0" branch="true" condition-coverage="0% (0/2)" missing-branches="732,736"/>
						<line number="732" hits="0"/>
						<line number="736" hits="0"/>
						<line number="740" hits="0"/>
						<line number="743" hits="0"/>
						<line number="744" hits="0" branch="true" condition-coverage="0% (0/2)" missing-branches="745,750"/>
						<line number="745" hits="0"/>
						<line number="748" hits="0"/>
						<line number="750" hits="0"/>
						<line number="754" hits="0"/>
						<line number="755" hits="0"/>
						<line number="756" hits="0"/>
						<line number="762" hits="1"/>
						<line number="769" hits="0" branch="true" condition-coverage="0% (0/2)" missing-branches="770,772"/>
						<line number="770" hits="0"/>
						<line number="772" hits="0"/>
						<line number="773" hits="0"/>
						<line number="777" hits="1"/>
						<line number="797" hits="0" branch="true" condition-coverage="0% (0/2)" missing-branches="798,800"/>
						<line number="798" hits="0"/>
						<line number="800" hits="0"/>
						<line number="801" hits="0"/>
						<line number="802" hits="0"/>
						<line number="805" hits="1"/>
						<line number="832" hits="0"/>
						<line number="833" hits="0"/>
						<line number="835" hits="0"/>
						<line number="837" hits="0"/>
						<line number="840" hits="0" branch="true" condition-coverage="0% (0/2)" missing-branches="841,843"/>
						<line number="841" hits="0"/>
						<line number="843" hits="0"/>
						<line number="844" hits="0"/>
						<line number="845" hits="0"/>
						<line number="848" hits="0" branch="true" condition-coverage="0% (0/2)" missing-branches="849,853"/>
						<line number="849" hits="0"/>
						<line number="850" hits="0"/>
						<line number="853" hits="0"/>
						<line number="854" hits="0" branch="true" condition-coverage="0% (0/2)" missing-branches="855,858"/>
						<line number="855" hits="0"/>
						<line number="858" hits="0"/>
						<line number="861" hits="0"/>
						<line number="869" hits="0"/>
						<line number="870" hits="0" branch="true" condition-coverage="0% (0/2)" missing-branches="871,876"/>
						<line number="871" hits="0"/>
						<line number="872" hits="0"/>
						<line number="876" hits="0"/>
						<line number="879" hits="0"/>
						<line number="891" hits="0"/>
						<line number="896" hits="0" branch="true" condition-coverage="0% (0/2)" missing-branches="897,914"/>
						<line number="897" hits="0"/>
						<line number="900" hits="0"/>
						<line number="904" hits="0" branch="true" condition-coverage="0% (0/2)" missing-branches="906,910"/>
						<line number="906" hits="0"/>
						<line number="910" hits="0"/>
						<line number="914" hits="0"/>
						<line number="917" hits="0"/>
						<line number="918" hits="0" branch="true" condition-coverage="0% (0/2)" missing-branches="919,925"/>
						<line number="919" hits="0"/>
						<line number="923" hits="0"/>
						<line number="925" hits="0"/>
						<line number="927" hits="0"/>
						<line number="929" hits="0"/>
						<line number="940" hits="0"/>
						<line number="942" hits="0"/>
						<line number="944" hits="0"/>
						<line number="945" hits="0"/>
						<line number="946" hits="0"/>
						<line number="948" hits="0"/>
						<line number="959" hits="0"/>
						<line number="961" hits="1"/>
						<line number="962" hits="1"/>
						<line number="983" hits="1"/>
						<line number="985" hits="1"/>
						<line number="995" hits="1"/>
						<line number="998" hits="1"/>
						<line number="999" hits="1"/>
						<line number="1000" hits="1"/>
						<line number="1003" hits="1"/>
						<line number="1010" hits="1"/>
						<line number="1019" hits="1"/>
						<line number="1026" hits="1"/>
						<line number="1032" hits="1" branch="true" condition-coverage="50% (1/2)" missing-branches="1033"/>
						<line number="1033" hits="0"/>
						<line number="1038" hits="1"/>
						<line number="1044" hits="1"/>
						<line number="1046" hits="0"/>
						<line number="1047" hits="0"/>
						<line number="1051" hits="1"/>
						<line number="1052" hits="1"/>
						<line number="1064" hits="0"/>
						<line number="1065" hits="0"/>
						<line number="1066" hits="0"/>
						<line number="1068" hits="0"/>
						<line number="1069" hits="0"/>
						<line number="1073" hits="1"/>
						<line number="1088" hits="0"/>
						<line number="1089" hits="0"/>
						<line number="1098" hits="0"/>
						<line number="1100" hits="0"/>
						<line number="1101" hits="0"/>
						<line number="1103" hits="1"/>
						<line number="1104" hits="1"/>
						<line number="1132" hits="0"/>
						<line number="1134" hits="0" branch="true" condition-coverage="0% (0/2)" missing-branches="1136,1139"/>
						<line number="1136" hits="0"/>
						<line number="1139" hits="0" branch="true" condition-coverage="0% (0/2)" missing-branches="1140,1142"/>
						<line number="1140" hits="0"/>
						<line number="1142" hits="0" branch="true" condition-coverage="0% (0/2)" missing-branches="1143,1145"/>
						<line number="1143" hits="0"/>
						<line number="1145" hits="0" branch="true" condition-coverage="0% (0/2)" missing-branches="1146,1149"/>
						<line number="1146" hits="0"/>
						<line number="1149" hits="0" branch="true" condition-coverage="0% (0/2)" missing-branches="1150,1154"/>
						<line number="1150" hits="0"/>
						<line number="1154" hits="0" branch="true" condition-coverage="0% (0/2)" missing-branches="1155,1159"/>
						<line number="1155" hits="0"/>
						<line number="1159" hits="0" branch="true" condition-coverage="0% (0/2)" missing-branches="1160,1165"/>
						<line number="1160" hits="0"/>
						<line number="1165" hits="0" branch="true" condition-coverage="0% (0/2)" missing-branches="1166,1168"/>
						<line number="1166" hits="0"/>
						<line number="1168" hits="0" branch="true" condition-coverage="0% (0/2)" missing-branches="1169,1173"/>
						<line number="1169" hits="0"/>
						<line number="1173" hits="0" branch="true" condition-coverage="0% (0/2)" missing-branches="1174,1177"/>
						<line number="1174" hits="0"/>
						<line number="1177" hits="0"/>
						<line number="1186" hits="0"/>
						<line number="1188" hits="0"/>
						<line number="1189" hits="0"/>
						<line number="1190" hits="0"/>
						<line number="1191" hits="0"/>
						<line number="1193" hits="1"/>
						<line number="1194" hits="1"/>
						<line number="1215" hits="0"/>
						<line number="1216" hits="0"/>
						<line number="1223" hits="0"/>
						<line number="1224" hits="0"/>
						<line number="1225" hits="0"/>
						<line number="1227" hits="1"/>
						<line number="1245" hits="0"/>
						<line number="1246" hits="0"/>
						<line number="1247" hits="0"/>
						<line number="1248" hits="0"/>
						<line number="1249" hits="0"/>
						<line number="1251" hits="1"/>
						<line number="1263" hits="0"/>
						<line number="1264" hits="0" branch="true" condition-coverage="0% (0/2)" missing-branches="1265,1266"/>
						<line number="1265" hits="0"/>
						<line number="1266" hits="0"/>
						<line number="1268" hits="1"/>
						<line number="1269" hits="1"/>
						<line number="1276" hits="0"/>
						<line number="1278" hits="1"/>
						<line number="1279" hits="1"/>
						<line number="1286" hits="1"/>
						<line number="1288" hits="1"/>
						<line number="1289" hits="1"/>
						<line number="1296" hits="1"/>
						<line number="1298" hits="1"/>
						<line number="1299" hits="1"/>
						<line number="1306" hits="1"/>
						<line number="1308" hits="1"/>
						<line number="1309" hits="1"/>
						<line number="1316" hits="0"/>
						<line number="1318" hits="1"/>
						<line number="1323" hits="0" branch="true" condition-coverage="0% (0/2)" missing-branches="1324,1326"/>
						<line number="1324" hits="0"/>
						<line number="1326" hits="0"/>
						<line number="1327" hits="0"/>
						<line number="1331" hits="0"/>
						<line number="1332" hits="0"/>
						<line number="1336" hits="0"/>
						<line number="1337" hits="0"/>
						<line number="1341" hits="0"/>
						<line number="1342" hits="0"/>
						<line number="1346" hits="0"/>
						<line number="1347" hits="0"/>
						<line number="1351" hits="0"/>
						<line number="1352" hits="0"/>
						<line number="1355" hits="0"/>
						<line number="1364" hits="1"/>
						<line number="1377" hits="0"/>
						<line number="1378" hits="0"/>
						<line number="1388" hits="1"/>
						<line number="1401" hits="0"/>
						<line number="1402" hits="0"/>
						<line number="1412" hits="1"/>
						<line number="1425" hits="0"/>
						<line number="1426" hits="0"/>
						<line number="1436" hits="1"/>
						<line number="1449" hits="0"/>
						<line number="1450" hits="0"/>
						<line number="1460" hits="1"/>
						<line number="1473" hits="0"/>
						<line number="1474" hits="0"/>
						<line number="1484" hits="1"/>
						<line number="1497" hits="0"/>
						<line number="1498" hits="0"/>
						<line number="1508" hits="1"/>
						<line number="1521" hits="0"/>
						<line number="1522" hits="0"/>
						<line number="1532" hits="1"/>
						<line number="1549" hits="0"/>
						<line number="1550" hits="0"/>
						<line number="1560" hits="1"/>
						<line number="1562" hits="0"/>
						<line number="1564" hits="1"/>
						<line number="1574" hits="1"/>
					</lines>
				</class>
				<class name="config.py" filename="flext_api/config.py" complexity="0" line-rate="0.614" branch-rate="0">
					<methods/>
					<lines>
						<line number="7" hits="1"/>
						<line number="9" hits="1"/>
						<line number="10" hits="1"/>
						<line number="12" hits="1"/>
						<line number="13" hits="1"/>
						<line number="14" hits="1"/>
						<line number="17" hits="1"/>
						<line number="28" hits="1"/>
						<line number="42" hits="1"/>
						<line number="47" hits="1"/>
						<line number="54" hits="1"/>
						<line number="61" hits="1"/>
						<line number="67" hits="1"/>
						<line number="72" hits="1"/>
						<line number="78" hits="1"/>
						<line number="83" hits="1"/>
						<line number="88" hits="1"/>
						<line number="93" hits="1"/>
						<line number="94" hits="1"/>
						<line number="96" hits="0"/>
						<line number="98" hits="1"/>
						<line number="99" hits="1"/>
						<line number="101" hits="0"/>
						<line number="103" hits="1"/>
						<line number="104" hits="1"/>
						<line number="106" hits="0"/>
						<line number="109" hits="1"/>
						<line number="111" hits="0"/>
						<line number="118" hits="1"/>
						<line number="120" hits="0"/>
						<line number="126" hits="1"/>
						<line number="128" hits="0"/>
						<line number="137" hits="1"/>
						<line number="138" hits="1"/>
						<line number="142" hits="0"/>
						<line number="145" hits="0" branch="true" condition-coverage="0% (0/2)" missing-branches="146,148"/>
						<line number="146" hits="0"/>
						<line number="147" hits="0"/>
						<line number="148" hits="0"/>
						<line number="150" hits="1"/>
						<line number="151" hits="1"/>
						<line number="154" hits="0"/>
						<line number="155" hits="0" branch="true" condition-coverage="0% (0/2)" missing-branches="156,158"/>
						<line number="156" hits="0"/>
						<line number="157" hits="0"/>
						<line number="158" hits="0"/>
						<line number="160" hits="1"/>
						<line number="161" hits="1"/>
						<line number="164" hits="0"/>
						<line number="165" hits="0" branch="true" condition-coverage="0% (0/2)" missing-branches="166,168"/>
						<line number="166" hits="0"/>
						<line number="167" hits="0"/>
						<line number="168" hits="0"/>
						<line number="170" hits="1"/>
						<line number="171" hits="1"/>
						<line number="174" hits="0"/>
						<line number="179" hits="1"/>
					</lines>
				</class>
				<class name="constants.py" filename="flext_api/constants.py" complexity="0" line-rate="1" branch-rate="1">
					<methods/>
					<lines>
						<line number="7" hits="1"/>
						<line number="9" hits="1"/>
						<line number="11" hits="1"/>
						<line number="14" hits="1"/>
						<line number="18" hits="1"/>
						<line number="19" hits="1"/>
						<line number="20" hits="1"/>
						<line number="23" hits="1"/>
						<line number="26" hits="1"/>
						<line number="27" hits="1"/>
						<line number="28" hits="1"/>
						<line number="29" hits="1"/>
						<line number="32" hits="1"/>
						<line number="33" hits="1"/>
						<line number="34" hits="1"/>
						<line number="35" hits="1"/>
						<line number="43" hits="1"/>
						<line number="47" hits="1"/>
						<line number="53" hits="1"/>
						<line number="54" hits="1"/>
						<line number="57" hits="1"/>
						<line number="58" hits="1"/>
						<line number="61" hits="1"/>
						<line number="62" hits="1"/>
						<line number="63" hits="1"/>
						<line number="64" hits="1"/>
						<line number="67" hits="1"/>
						<line number="68" hits="1"/>
						<line number="71" hits="1"/>
						<line number="72" hits="1"/>
						<line number="73" hits="1"/>
						<line number="74" hits="1"/>
						<line number="77" hits="1"/>
						<line number="88" hits="1"/>
						<line number="91" hits="1"/>
						<line number="92" hits="1"/>
						<line number="93" hits="1"/>
						<line number="94" hits="1"/>
						<line number="95" hits="1"/>
						<line number="96" hits="1"/>
						<line number="102" hits="1"/>
						<line number="105" hits="1"/>
						<line number="106" hits="1"/>
						<line number="107" hits="1"/>
						<line number="108" hits="1"/>
						<line number="109" hits="1"/>
						<line number="110" hits="1"/>
						<line number="116" hits="1"/>
						<line number="119" hits="1"/>
						<line number="120" hits="1"/>
						<line number="121" hits="1"/>
						<line number="122" hits="1"/>
						<line number="123" hits="1"/>
						<line number="124" hits="1"/>
						<line number="135" hits="1"/>
						<line number="138" hits="1"/>
						<line number="139" hits="1"/>
						<line number="140" hits="1"/>
						<line number="141" hits="1"/>
						<line number="142" hits="1"/>
						<line number="148" hits="1"/>
						<line number="151" hits="1"/>
						<line number="152" hits="1"/>
						<line number="153" hits="1"/>
						<line number="154" hits="1"/>
						<line number="155" hits="1"/>
						<line number="156" hits="1"/>
						<line number="162" hits="1"/>
						<line number="165" hits="1"/>
						<line number="166" hits="1"/>
						<line number="167" hits="1"/>
						<line number="168" hits="1"/>
						<line number="169" hits="1"/>
						<line number="170" hits="1"/>
						<line number="171" hits="1"/>
						<line number="177" hits="1"/>
						<line number="180" hits="1"/>
						<line number="181" hits="1"/>
						<line number="182" hits="1"/>
						<line number="185" hits="1"/>
						<line number="188" hits="1"/>
					</lines>
				</class>
				<class name="exceptions.py" filename="flext_api/exceptions.py" complexity="0" line-rate="0.6442" branch-rate="0">
					<methods/>
					<lines>
						<line number="7" hits="1"/>
						<line number="9" hits="1"/>
						<line number="11" hits="1"/>
						<line number="13" hits="1"/>
						<line number="15" hits="1"/>
						<line number="18" hits="1"/>
						<line number="21" hits="1"/>
						<line number="24" hits="1"/>
						<line number="25" hits="1"/>
						<line number="32" hits="0"/>
						<line number="33" hits="0"/>
						<line number="35" hits="1"/>
						<line number="38" hits="1"/>
						<line number="39" hits="1"/>
						<line number="46" hits="0"/>
						<line number="47" hits="0"/>
						<line number="49" hits="1"/>
						<line number="52" hits="1"/>
						<line number="53" hits="1"/>
						<line number="60" hits="0"/>
						<line number="61" hits="0"/>
						<line number="63" hits="1"/>
						<line number="66" hits="1"/>
						<line number="67" hits="1"/>
						<line number="74" hits="0"/>
						<line number="75" hits="0"/>
						<line number="77" hits="1"/>
						<line number="80" hits="1"/>
						<line number="81" hits="1"/>
						<line number="85" hits="0"/>
						<line number="86" hits="0"/>
						<line number="88" hits="1"/>
						<line number="91" hits="1"/>
						<line number="92" hits="1"/>
						<line number="96" hits="0"/>
						<line number="97" hits="0"/>
						<line number="99" hits="1"/>
						<line number="102" hits="1"/>
						<line number="103" hits="1"/>
						<line number="112" hits="0"/>
						<line number="113" hits="0"/>
						<line number="114" hits="0"/>
						<line number="115" hits="0"/>
						<line number="117" hits="1"/>
						<line number="120" hits="1"/>
						<line number="121" hits="1"/>
						<line number="129" hits="0"/>
						<line number="130" hits="0"/>
						<line number="131" hits="0"/>
						<line number="133" hits="1"/>
						<line number="136" hits="1"/>
						<line number="137" hits="1"/>
						<line number="144" hits="0" branch="true" condition-coverage="0% (0/2)" missing-branches="149,151"/>
						<line number="149" hits="0"/>
						<line number="150" hits="0"/>
						<line number="151" hits="0"/>
						<line number="153" hits="1"/>
						<line number="156" hits="1"/>
						<line number="157" hits="1"/>
						<line number="164" hits="0" branch="true" condition-coverage="0% (0/2)" missing-branches="169,171"/>
						<line number="169" hits="0"/>
						<line number="170" hits="0"/>
						<line number="171" hits="0"/>
						<line number="173" hits="1"/>
						<line number="176" hits="1"/>
						<line number="177" hits="1"/>
						<line number="179" hits="0"/>
						<line number="183" hits="1"/>
						<line number="186" hits="1"/>
						<line number="187" hits="1"/>
						<line number="189" hits="0"/>
						<line number="193" hits="1"/>
						<line number="196" hits="1"/>
						<line number="197" hits="1"/>
						<line number="199" hits="0"/>
						<line number="203" hits="1"/>
						<line number="206" hits="1"/>
						<line number="207" hits="1"/>
						<line number="211" hits="0"/>
						<line number="213" hits="1"/>
						<line number="216" hits="1"/>
						<line number="217" hits="1"/>
						<line number="219" hits="0"/>
						<line number="221" hits="1"/>
						<line number="224" hits="1"/>
						<line number="225" hits="1"/>
						<line number="229" hits="0"/>
						<line number="231" hits="1"/>
						<line number="234" hits="1"/>
						<line number="235" hits="1"/>
						<line number="239" hits="0"/>
						<line number="245" hits="1"/>
						<line number="248" hits="1"/>
						<line number="249" hits="1"/>
						<line number="251" hits="0"/>
						<line number="253" hits="1"/>
						<line number="256" hits="1"/>
						<line number="257" hits="1"/>
						<line number="261" hits="0"/>
						<line number="263" hits="1"/>
						<line number="266" hits="1"/>
						<line number="267" hits="1"/>
						<line number="269" hits="0"/>
						<line number="272" hits="1"/>
					</lines>
				</class>
				<class name="middleware.py" filename="flext_api/middleware.py" complexity="0" line-rate="0.2786" branch-rate="0">
					<methods/>
					<lines>
						<line number="16" hits="1"/>
						<line number="18" hits="1"/>
						<line number="19" hits="1"/>
						<line number="20" hits="1"/>
						<line number="21" hits="1"/>
						<line number="22" hits="1"/>
						<line number="23" hits="1"/>
						<line number="25" hits="1"/>
						<line number="26" hits="1"/>
						<line number="29" hits="1"/>
						<line number="44" hits="1"/>
						<line number="51" hits="0"/>
						<line number="52" hits="0"/>
						<line number="53" hits="0"/>
						<line number="55" hits="1"/>
						<line number="68" hits="0" branch="true" condition-coverage="0% (0/2)" missing-branches="69,71"/>
						<line number="69" hits="0"/>
						<line number="71" hits="0"/>
						<line number="73" hits="1"/>
						<line number="86" hits="0" branch="true" condition-coverage="0% (0/2)" missing-branches="87,89"/>
						<line number="87" hits="0"/>
						<line number="89" hits="0"/>
						<line number="91" hits="1"/>
						<line number="106" hits="0" branch="true" condition-coverage="0% (0/2)" missing-branches="107,109"/>
						<line number="107" hits="0"/>
						<line number="109" hits="0"/>
						<line number="111" hits="1"/>
						<line number="112" hits="1"/>
						<line number="127" hits="1"/>
						<line number="128" hits="1"/>
						<line number="143" hits="1"/>
						<line number="159" hits="0"/>
						<line number="161" hits="1"/>
						<line number="163" hits="0"/>
						<line number="165" hits="1"/>
						<line number="167" hits="0"/>
						<line number="169" hits="1"/>
						<line number="170" hits="1"/>
						<line number="172" hits="0"/>
						<line number="175" hits="1"/>
						<line number="186" hits="1"/>
						<line number="202" hits="0"/>
						<line number="203" hits="0"/>
						<line number="204" hits="0"/>
						<line number="205" hits="0"/>
						<line number="206" hits="0"/>
						<line number="208" hits="1"/>
						<line number="213" hits="0" branch="true" condition-coverage="0% (0/2)" missing-branches="214,236"/>
						<line number="214" hits="0"/>
						<line number="215" hits="0"/>
						<line number="217" hits="0"/>
						<line number="223" hits="0" branch="true" condition-coverage="0% (0/2)" missing-branches="224,226"/>
						<line number="224" hits="0"/>
						<line number="226" hits="0" branch="true" condition-coverage="0% (0/2)" missing-branches="227,229"/>
						<line number="227" hits="0"/>
						<line number="229" hits="0"/>
						<line number="233" hits="0"/>
						<line number="234" hits="0"/>
						<line number="236" hits="0"/>
						<line number="238" hits="1"/>
						<line number="243" hits="0" branch="true" condition-coverage="0% (0/2)" missing-branches="244,266"/>
						<line number="244" hits="0"/>
						<line number="250" hits="0" branch="true" condition-coverage="0% (0/2)" missing-branches="251,258"/>
						<line number="251" hits="0"/>
						<line number="252" hits="0" branch="true" condition-coverage="0% (0/2)" missing-branches="253,254"/>
						<line number="253" hits="0"/>
						<line number="254" hits="0" branch="true" condition-coverage="0% (0/2)" missing-branches="255,258"/>
						<line number="255" hits="0"/>
						<line number="256" hits="0"/>
						<line number="258" hits="0" branch="true" condition-coverage="0% (0/2)" missing-branches="259,261"/>
						<line number="259" hits="0"/>
						<line number="261" hits="0" branch="true" condition-coverage="0% (0/2)" missing-branches="262,264"/>
						<line number="262" hits="0"/>
						<line number="264" hits="0"/>
						<line number="266" hits="0"/>
						<line number="268" hits="1"/>
						<line number="274" hits="0"/>
						<line number="281" hits="0" branch="true" condition-coverage="0% (0/2)" missing-branches="282,284"/>
						<line number="282" hits="0"/>
						<line number="284" hits="0"/>
						<line number="287" hits="0"/>
						<line number="290" hits="1"/>
						<line number="301" hits="1"/>
						<line number="303" hits="0"/>
						<line number="304" hits="0"/>
						<line number="313" hits="1"/>
						<line number="318" hits="0"/>
						<line number="321" hits="0"/>
						<line number="323" hits="0"/>
						<line number="325" hits="1"/>
						<line number="330" hits="0"/>
						<line number="333" hits="0"/>
						<line number="334" hits="0"/>
						<line number="339" hits="0" branch="true" condition-coverage="0% (0/2)" missing-branches="342,345"/>
						<line number="342" hits="0"/>
						<line number="343" hits="0"/>
						<line number="345" hits="0"/>
						<line number="347" hits="1"/>
						<line number="353" hits="0"/>
						<line number="354" hits="0"/>
						<line number="356" hits="0"/>
						<line number="358" hits="1"/>
						<line number="365" hits="0"/>
						<line number="368" hits="0" branch="true" condition-coverage="0% (0/2)" missing-branches="369,372"/>
						<line number="369" hits="0"/>
						<line number="370" hits="0"/>
						<line number="372" hits="0"/>
						<line number="375" hits="0" branch="true" condition-coverage="0% (0/2)" missing-branches="376,378"/>
						<line number="376" hits="0"/>
						<line number="378" hits="0"/>
						<line number="380" hits="0"/>
						<line number="382" hits="1"/>
						<line number="384" hits="0"/>
						<line number="394" hits="1"/>
						<line number="427" hits="1"/>
						<line number="446" hits="0"/>
						<line number="454" hits="0"/>
						<line number="455" hits="0"/>
						<line number="456" hits="0"/>
						<line number="457" hits="0"/>
						<line number="458" hits="0"/>
						<line number="460" hits="1"/>
						<line number="465" hits="0" branch="true" condition-coverage="0% (0/2)" missing-branches="467,478"/>
						<line number="467" hits="0"/>
						<line number="468" hits="0" branch="true" condition-coverage="0% (0/2)" missing-branches="470,485"/>
						<line number="470" hits="0"/>
						<line number="471" hits="0"/>
						<line number="474" hits="0"/>
						<line number="478" hits="0"/>
						<line number="485" hits="0"/>
						<line number="487" hits="1"/>
						<line number="492" hits="0"/>
						<line number="495" hits="1"/>
						<line number="506" hits="1"/>
						<line number="520" hits="0"/>
						<line number="521" hits="0"/>
						<line number="522" hits="0"/>
						<line number="523" hits="0"/>
						<line number="525" hits="1"/>
						<line number="530" hits="0"/>
						<line number="532" hits="1"/>
						<line number="537" hits="0" branch="true" condition-coverage="0% (0/2)" missing-branches="542,550"/>
						<line number="542" hits="0"/>
						<line number="550" hits="0"/>
						<line number="552" hits="1"/>
						<line number="559" hits="0"/>
						<line number="560" hits="0" branch="true" condition-coverage="0% (0/2)" missing-branches="561,576"/>
						<line number="561" hits="0"/>
						<line number="562" hits="0"/>
						<line number="563" hits="0"/>
						<line number="564" hits="0" branch="true" condition-coverage="0% (0/2)" missing-branches="565,576"/>
						<line number="565" hits="0"/>
						<line number="566" hits="0"/>
						<line number="567" hits="0"/>
						<line number="576" hits="0"/>
						<line number="585" hits="0"/>
						<line number="588" hits="1"/>
						<line number="599" hits="1"/>
						<line number="601" hits="1"/>
						<line number="602" hits="1"/>
						<line number="604" hits="1"/>
						<line number="614" hits="0" branch="true" condition-coverage="0% (0/2)" missing-branches="615,619"/>
						<line number="615" hits="0"/>
						<line number="619" hits="0"/>
						<line number="620" hits="0"/>
						<line number="622" hits="0"/>
						<line number="624" hits="1"/>
						<line number="634" hits="0" branch="true" condition-coverage="0% (0/2)" missing-branches="635,640"/>
						<line number="635" hits="0" branch="true" condition-coverage="0% (0/2)" missing-branches="634,636"/>
						<line number="636" hits="0"/>
						<line number="637" hits="0"/>
						<line number="638" hits="0"/>
						<line number="640" hits="0"/>
						<line number="642" hits="1"/>
						<line number="655" hits="0"/>
						<line number="657" hits="0" branch="true" condition-coverage="0% (0/2)" missing-branches="658,663"/>
						<line number="658" hits="0"/>
						<line number="659" hits="0" branch="true" condition-coverage="0% (0/2)" missing-branches="660,661"/>
						<line number="660" hits="0"/>
						<line number="661" hits="0"/>
						<line number="663" hits="0"/>
						<line number="665" hits="1"/>
						<line number="678" hits="0"/>
						<line number="681" hits="0" branch="true" condition-coverage="0% (0/2)" missing-branches="682,690"/>
						<line number="682" hits="0"/>
						<line number="683" hits="0" branch="true" condition-coverage="0% (0/2)" missing-branches="684,688"/>
						<line number="684" hits="0"/>
						<line number="687" hits="0"/>
						<line number="688" hits="0"/>
						<line number="690" hits="0"/>
						<line number="692" hits="1"/>
						<line number="708" hits="0" branch="true" condition-coverage="0% (0/2)" missing-branches="709,715"/>
						<line number="709" hits="0"/>
						<line number="710" hits="0" branch="true" condition-coverage="0% (0/2)" missing-branches="708,712"/>
						<line number="712" hits="0"/>
						<line number="715" hits="0"/>
						<line number="717" hits="1"/>
						<line number="724" hits="0"/>
						<line number="726" hits="1"/>
						<line number="728" hits="0"/>
						<line number="731" hits="1"/>
					</lines>
				</class>
				<class name="models.py" filename="flext_api/models.py" complexity="0" line-rate="0.5991" branch-rate="0.05634">
					<methods/>
					<lines>
						<line number="11" hits="1"/>
						<line number="13" hits="1"/>
						<line number="14" hits="1"/>
						<line number="15" hits="1"/>
						<line number="17" hits="1"/>
						<line number="26" hits="1"/>
						<line number="27" hits="1"/>
						<line number="28" hits="1"/>
						<line number="38" hits="1"/>
						<line number="52" hits="1"/>
						<line number="82" hits="1"/>
						<line number="101" hits="1"/>
						<line number="102" hits="1"/>
						<line number="103" hits="1"/>
						<line number="105" hits="0"/>
						<line number="106" hits="0" branch="true" condition-coverage="0% (0/2)" missing-branches="107,108"/>
						<line number="107" hits="0"/>
						<line number="108" hits="0"/>
						<line number="110" hits="1"/>
						<line number="111" hits="1"/>
						<line number="112" hits="1"/>
						<line number="114" hits="0" branch="true" condition-coverage="0% (0/2)" missing-branches="115,116"/>
						<line number="115" hits="0"/>
						<line number="116" hits="0" branch="true" condition-coverage="0% (0/2)" missing-branches="117,118"/>
						<line number="117" hits="0"/>
						<line number="118" hits="0" branch="true" condition-coverage="0% (0/2)" missing-branches="119,120"/>
						<line number="119" hits="0"/>
						<line number="120" hits="0"/>
						<line number="122" hits="1"/>
						<line number="123" hits="1"/>
						<line number="124" hits="1"/>
						<line number="127" hits="0" branch="true" condition-coverage="0% (0/2)" missing-branches="128,132"/>
						<line number="128" hits="0"/>
						<line number="129" hits="0"/>
						<line number="132" hits="0" branch="true" condition-coverage="0% (0/2)" missing-branches="133,135"/>
						<line number="133" hits="0"/>
						<line number="135" hits="0"/>
						<line number="136" hits="0" branch="true" condition-coverage="0% (0/2)" missing-branches="137,146"/>
						<line number="137" hits="0"/>
						<line number="138" hits="0" branch="true" condition-coverage="0% (0/2)" missing-branches="139,140"/>
						<line number="139" hits="0"/>
						<line number="140" hits="0" branch="true" condition-coverage="0% (0/2)" missing-branches="141,142"/>
						<line number="141" hits="0"/>
						<line number="142" hits="0" branch="true" condition-coverage="0% (0/2)" missing-branches="143,144"/>
						<line number="143" hits="0"/>
						<line number="144" hits="0"/>
						<line number="145" hits="0"/>
						<line number="146" hits="0"/>
						<line number="147" hits="0"/>
						<line number="149" hits="1"/>
						<line number="150" hits="1"/>
						<line number="151" hits="1"/>
						<line number="156" hits="0"/>
						<line number="162" hits="1"/>
						<line number="163" hits="1"/>
						<line number="175" hits="0" branch="true" condition-coverage="0% (0/2)" missing-branches="176,177"/>
						<line number="176" hits="0"/>
						<line number="177" hits="0" branch="true" condition-coverage="0% (0/2)" missing-branches="179,188"/>
						<line number="179" hits="0"/>
						<line number="180" hits="0"/>
						<line number="181" hits="0"/>
						<line number="182" hits="0"/>
						<line number="184" hits="0"/>
						<line number="187" hits="0"/>
						<line number="188" hits="0"/>
						<line number="190" hits="1"/>
						<line number="211" hits="1"/>
						<line number="212" hits="1"/>
						<line number="213" hits="1"/>
						<line number="217" hits="1"/>
						<line number="218" hits="1"/>
						<line number="219" hits="1"/>
						<line number="221" hits="0"/>
						<line number="223" hits="1"/>
						<line number="224" hits="1"/>
						<line number="225" hits="1"/>
						<line number="233" hits="0" branch="true" condition-coverage="0% (0/2)" missing-branches="234,242"/>
						<line number="234" hits="0"/>
						<line number="235" hits="0"/>
						<line number="236" hits="0"/>
						<line number="239" hits="0"/>
						<line number="242" hits="0" branch="true" condition-coverage="0% (0/2)" missing-branches="243,248"/>
						<line number="243" hits="0" branch="true" condition-coverage="0% (0/2)" missing-branches="244,245"/>
						<line number="244" hits="0"/>
						<line number="245" hits="0" branch="true" condition-coverage="0% (0/2)" missing-branches="246,248"/>
						<line number="246" hits="0"/>
						<line number="248" hits="0"/>
						<line number="250" hits="1"/>
						<line number="251" hits="1"/>
						<line number="254" hits="0" branch="true" condition-coverage="0% (0/2)" missing-branches="257,261"/>
						<line number="257" hits="0"/>
						<line number="258" hits="0"/>
						<line number="261" hits="0" branch="true" condition-coverage="0% (0/2)" missing-branches="262,265"/>
						<line number="262" hits="0"/>
						<line number="263" hits="0"/>
						<line number="265" hits="0"/>
						<line number="267" hits="1"/>
						<line number="268" hits="1"/>
						<line number="272" hits="0" branch="true" condition-coverage="0% (0/2)" missing-branches="273,274"/>
						<line number="273" hits="0"/>
						<line number="274" hits="0" branch="true" condition-coverage="0% (0/2)" missing-branches="276,281"/>
						<line number="276" hits="0"/>
						<line number="277" hits="0"/>
						<line number="278" hits="0"/>
						<line number="279" hits="0"/>
						<line number="280" hits="0"/>
						<line number="281" hits="0"/>
						<line number="283" hits="1"/>
						<line number="287" hits="1"/>
						<line number="290" hits="1"/>
						<line number="296" hits="1"/>
						<line number="302" hits="1"/>
						<line number="307" hits="1"/>
						<line number="308" hits="1"/>
						<line number="310" hits="1"/>
						<line number="311" hits="1"/>
						<line number="313" hits="0"/>
						<line number="315" hits="1"/>
						<line number="316" hits="1"/>
						<line number="318" hits="0" branch="true" condition-coverage="0% (0/2)" missing-branches="319,320"/>
						<line number="319" hits="0"/>
						<line number="320" hits="0" branch="true" condition-coverage="0% (0/2)" missing-branches="321,322"/>
						<line number="321" hits="0"/>
						<line number="322" hits="0"/>
						<line number="324" hits="1"/>
						<line number="325" hits="1"/>
						<line number="327" hits="0"/>
						<line number="329" hits="1"/>
						<line number="330" hits="1"/>
						<line number="336" hits="1" branch="true" condition-coverage="50% (1/2)" missing-branches="337"/>
						<line number="337" hits="0"/>
						<line number="338" hits="0"/>
						<line number="340" hits="1"/>
						<line number="342" hits="1"/>
						<line number="343" hits="1"/>
						<line number="344" hits="1"/>
						<line number="346" hits="1"/>
						<line number="347" hits="1" branch="true" condition-coverage="100% (2/2)"/>
						<line number="348" hits="1"/>
						<line number="349" hits="1" branch="true" condition-coverage="50% (1/2)" missing-branches="355"/>
						<line number="354" hits="1"/>
						<line number="355" hits="1"/>
						<line number="356" hits="1"/>
						<line number="358" hits="1"/>
						<line number="359" hits="1"/>
						<line number="361" hits="1"/>
						<line number="362" hits="1"/>
						<line number="364" hits="0" branch="true" condition-coverage="0% (0/2)" missing-branches="365,367"/>
						<line number="365" hits="0"/>
						<line number="367" hits="0" branch="true" condition-coverage="0% (0/2)" missing-branches="368,369"/>
						<line number="368" hits="0"/>
						<line number="369" hits="0"/>
						<line number="371" hits="1"/>
						<line number="373" hits="0" branch="true" condition-coverage="0% (0/2)" missing-branches="374,377"/>
						<line number="374" hits="0"/>
						<line number="377" hits="0" branch="true" condition-coverage="0% (0/2)" missing-branches="378,381"/>
						<line number="378" hits="0"/>
						<line number="381" hits="0"/>
						<line number="383" hits="1"/>
						<line number="385" hits="0"/>
						<line number="389" hits="0"/>
						<line number="390" hits="0"/>
						<line number="392" hits="1"/>
						<line number="396" hits="1"/>
						<line number="399" hits="1"/>
						<line number="400" hits="1"/>
						<line number="406" hits="1"/>
						<line number="414" hits="1"/>
						<line number="415" hits="1"/>
						<line number="417" hits="0"/>
						<line number="419" hits="1"/>
						<line number="420" hits="1"/>
						<line number="422" hits="0"/>
						<line number="424" hits="1"/>
						<line number="425" hits="1"/>
						<line number="427" hits="0"/>
						<line number="429" hits="1"/>
						<line number="430" hits="1"/>
						<line number="433" hits="0" branch="true" condition-coverage="0% (0/2)" missing-branches="434,439"/>
						<line number="434" hits="0" branch="true" condition-coverage="0% (0/2)" missing-branches="433,435"/>
						<line number="435" hits="0"/>
						<line number="436" hits="0"/>
						<line number="439" hits="0" branch="true" condition-coverage="0% (0/2)" missing-branches="440,443"/>
						<line number="440" hits="0"/>
						<line number="441" hits="0"/>
						<line number="443" hits="0"/>
						<line number="445" hits="1"/>
						<line number="449" hits="0" branch="true" condition-coverage="0% (0/2)" missing-branches="450,451"/>
						<line number="450" hits="0"/>
						<line number="451" hits="0"/>
						<line number="452" hits="0"/>
						<line number="454" hits="1"/>
						<line number="458" hits="0"/>
						<line number="460" hits="0"/>
						<line number="465" hits="1"/>
						<line number="468" hits="1"/>
						<line number="474" hits="1"/>
						<line number="480" hits="1"/>
						<line number="481" hits="1"/>
						<line number="483" hits="1"/>
						<line number="484" hits="1"/>
						<line number="486" hits="0"/>
						<line number="488" hits="1"/>
						<line number="489" hits="1"/>
						<line number="491" hits="0" branch="true" condition-coverage="0% (0/2)" missing-branches="492,493"/>
						<line number="492" hits="0"/>
						<line number="493" hits="0"/>
						<line number="495" hits="1"/>
						<line number="496" hits="1"/>
						<line number="498" hits="0"/>
						<line number="500" hits="1"/>
						<line number="501" hits="1"/>
						<line number="503" hits="0" branch="true" condition-coverage="0% (0/2)" missing-branches="504,507"/>
						<line number="504" hits="0"/>
						<line number="505" hits="0"/>
						<line number="507" hits="0" branch="true" condition-coverage="0% (0/2)" missing-branches="508,515"/>
						<line number="508" hits="0"/>
						<line number="511" hits="0" branch="true" condition-coverage="0% (0/2)" missing-branches="512,515"/>
						<line number="512" hits="0"/>
						<line number="513" hits="0"/>
						<line number="515" hits="0"/>
						<line number="517" hits="1"/>
						<line number="520" hits="1"/>
						<line number="521" hits="1"/>
						<line number="522" hits="1"/>
						<line number="523" hits="1"/>
						<line number="525" hits="1"/>
						<line number="526" hits="1"/>
						<line number="528" hits="0"/>
						<line number="530" hits="1"/>
						<line number="531" hits="1"/>
						<line number="533" hits="0"/>
						<line number="535" hits="1"/>
						<line number="536" hits="1"/>
						<line number="538" hits="0" branch="true" condition-coverage="0% (0/2)" missing-branches="539,542"/>
						<line number="539" hits="0"/>
						<line number="540" hits="0"/>
						<line number="542" hits="0" branch="true" condition-coverage="0% (0/2)" missing-branches="543,546"/>
						<line number="543" hits="0"/>
						<line number="544" hits="0"/>
						<line number="546" hits="0"/>
						<line number="548" hits="1"/>
						<line number="551" hits="1"/>
						<line number="552" hits="1"/>
						<line number="555" hits="1"/>
						<line number="558" hits="1"/>
						<line number="562" hits="1"/>
						<line number="563" hits="1"/>
						<line number="565" hits="0"/>
						<line number="567" hits="1"/>
						<line number="568" hits="1"/>
						<line number="570" hits="0"/>
						<line number="573" hits="0"/>
						<line number="575" hits="1"/>
						<line number="576" hits="1"/>
						<line number="579" hits="0"/>
						<line number="580" hits="0" branch="true" condition-coverage="0% (0/2)" missing-branches="581,584"/>
						<line number="581" hits="0"/>
						<line number="582" hits="0"/>
						<line number="584" hits="0"/>
						<line number="586" hits="1"/>
						<line number="589" hits="1"/>
						<line number="594" hits="1"/>
						<line number="597" hits="1"/>
						<line number="600" hits="1"/>
						<line number="604" hits="1"/>
						<line number="605" hits="1"/>
						<line number="607" hits="0"/>
						<line number="613" hits="1"/>
						<line number="614" hits="1"/>
						<line number="616" hits="0"/>
						<line number="618" hits="1"/>
						<line number="619" hits="1"/>
						<line number="621" hits="0"/>
						<line number="624" hits="0"/>
						<line number="626" hits="1"/>
						<line number="627" hits="1"/>
						<line number="630" hits="0" branch="true" condition-coverage="0% (0/2)" missing-branches="633,636"/>
						<line number="633" hits="0"/>
						<line number="634" hits="0"/>
						<line number="636" hits="0"/>
						<line number="638" hits="1"/>
						<line number="641" hits="1"/>
						<line number="642" hits="1"/>
						<line number="643" hits="1"/>
						<line number="644" hits="1"/>
						<line number="645" hits="1"/>
						<line number="646" hits="1"/>
						<line number="647" hits="1"/>
						<line number="649" hits="1"/>
						<line number="650" hits="1"/>
						<line number="652" hits="0"/>
						<line number="654" hits="1"/>
						<line number="655" hits="1"/>
						<line number="657" hits="0"/>
						<line number="659" hits="1"/>
						<line number="660" hits="1"/>
						<line number="662" hits="0"/>
						<line number="663" hits="0" branch="true" condition-coverage="0% (0/2)" missing-branches="664,673"/>
						<line number="664" hits="0"/>
						<line number="665" hits="0" branch="true" condition-coverage="0% (0/2)" missing-branches="666,667"/>
						<line number="666" hits="0"/>
						<line number="667" hits="0" branch="true" condition-coverage="0% (0/2)" missing-branches="668,669"/>
						<line number="668" hits="0"/>
						<line number="669" hits="0" branch="true" condition-coverage="0% (0/2)" missing-branches="670,671"/>
						<line number="670" hits="0"/>
						<line number="671" hits="0" branch="true" condition-coverage="0% (0/2)" missing-branches="672,673"/>
						<line number="672" hits="0"/>
						<line number="673" hits="0"/>
						<line number="675" hits="1"/>
						<line number="676" hits="1"/>
						<line number="678" hits="0" branch="true" condition-coverage="0% (0/2)" missing-branches="682,685"/>
						<line number="682" hits="0"/>
						<line number="683" hits="0"/>
						<line number="685" hits="0" branch="true" condition-coverage="0% (0/2)" missing-branches="686,689"/>
						<line number="686" hits="0"/>
						<line number="687" hits="0"/>
						<line number="689" hits="0"/>
						<line number="691" hits="1"/>
						<line number="693" hits="0" branch="true" condition-coverage="0% (0/2)" missing-branches="694,695"/>
						<line number="694" hits="0"/>
						<line number="695" hits="0"/>
						<line number="697" hits="1"/>
						<line number="700" hits="1"/>
						<line number="707" hits="0"/>
						<line number="708" hits="0" branch="true" condition-coverage="0% (0/2)" missing-branches="710,719"/>
						<line number="710" hits="0"/>
						<line number="719" hits="0"/>
						<line number="721" hits="0"/>
						<line number="729" hits="1"/>
						<line number="730" hits="1"/>
						<line number="734" hits="0"/>
						<line number="742" hits="1"/>
						<line number="743" hits="1"/>
						<line number="747" hits="0"/>
						<line number="754" hits="1"/>
						<line number="757" hits="1"/>
						<line number="758" hits="1"/>
						<line number="759" hits="1"/>
						<line number="762" hits="1"/>
						<line number="763" hits="1"/>
						<line number="764" hits="1"/>
						<line number="768" hits="1"/>
						<line number="769" hits="1"/>
						<line number="771" hits="0"/>
						<line number="773" hits="1"/>
						<line number="774" hits="1"/>
						<line number="776" hits="0"/>
						<line number="778" hits="1"/>
						<line number="779" hits="1"/>
						<line number="782" hits="1" branch="true" condition-coverage="50% (1/2)" missing-branches="783"/>
						<line number="783" hits="0"/>
						<line number="784" hits="0"/>
						<line number="785" hits="1" branch="true" condition-coverage="50% (1/2)" missing-branches="786"/>
						<line number="786" hits="0"/>
						<line number="787" hits="0"/>
						<line number="788" hits="1" branch="true" condition-coverage="50% (1/2)" missing-branches="789"/>
						<line number="789" hits="0"/>
						<line number="790" hits="0"/>
						<line number="792" hits="1"/>
						<line number="794" hits="1"/>
						<line number="795" hits="1"/>
						<line number="796" hits="1"/>
						<line number="798" hits="1" branch="true" condition-coverage="50% (1/2)" missing-branches="799"/>
						<line number="799" hits="0"/>
						<line number="800" hits="0"/>
						<line number="801" hits="1"/>
						<line number="804" hits="1"/>
						<line number="807" hits="1"/>
						<line number="810" hits="1"/>
						<line number="813" hits="1"/>
						<line number="814" hits="1"/>
						<line number="817" hits="1"/>
						<line number="823" hits="1"/>
						<line number="829" hits="1"/>
						<line number="833" hits="1"/>
						<line number="834" hits="1"/>
						<line number="835" hits="1"/>
						<line number="837" hits="0"/>
						<line number="839" hits="1"/>
						<line number="840" hits="1"/>
						<line number="841" hits="1"/>
						<line number="843" hits="0"/>
						<line number="845" hits="1"/>
						<line number="846" hits="1"/>
						<line number="848" hits="0" branch="true" condition-coverage="0% (0/2)" missing-branches="849,852"/>
						<line number="849" hits="0"/>
						<line number="850" hits="0"/>
						<line number="852" hits="0"/>
						<line number="854" hits="1"/>
						<line number="857" hits="1"/>
						<line number="860" hits="1"/>
						<line number="865" hits="1"/>
						<line number="866" hits="1"/>
						<line number="867" hits="1"/>
						<line number="868" hits="1"/>
						<line number="871" hits="1"/>
						<line number="874" hits="1"/>
						<line number="878" hits="1"/>
						<line number="879" hits="1"/>
						<line number="880" hits="1"/>
						<line number="882" hits="0"/>
						<line number="888" hits="1"/>
						<line number="889" hits="1"/>
						<line number="890" hits="1"/>
						<line number="892" hits="0"/>
						<line number="898" hits="1"/>
						<line number="899" hits="1"/>
						<line number="900" hits="1"/>
						<line number="902" hits="0" branch="true" condition-coverage="0% (0/2)" missing-branches="903,904"/>
						<line number="903" hits="0"/>
						<line number="904" hits="0" branch="true" condition-coverage="0% (0/2)" missing-branches="905,906"/>
						<line number="905" hits="0"/>
						<line number="906" hits="0"/>
						<line number="908" hits="1"/>
						<line number="909" hits="1"/>
						<line number="911" hits="0" branch="true" condition-coverage="0% (0/2)" missing-branches="912,915"/>
						<line number="912" hits="0"/>
						<line number="913" hits="0"/>
						<line number="915" hits="0"/>
						<line number="917" hits="1"/>
						<line number="920" hits="1"/>
						<line number="923" hits="1"/>
						<line number="926" hits="1"/>
						<line number="927" hits="1"/>
						<line number="930" hits="1"/>
						<line number="931" hits="1"/>
						<line number="934" hits="1"/>
						<line number="936" hits="1"/>
						<line number="937" hits="1"/>
						<line number="938" hits="1"/>
						<line number="940" hits="0"/>
						<line number="942" hits="1"/>
						<line number="943" hits="1"/>
						<line number="944" hits="1"/>
						<line number="946" hits="0" branch="true" condition-coverage="0% (0/2)" missing-branches="947,948"/>
						<line number="947" hits="0"/>
						<line number="948" hits="0" branch="true" condition-coverage="0% (0/2)" missing-branches="949,950"/>
						<line number="949" hits="0"/>
						<line number="950" hits="0"/>
						<line number="952" hits="1"/>
						<line number="953" hits="1"/>
						<line number="955" hits="0" branch="true" condition-coverage="0% (0/2)" missing-branches="956,961"/>
						<line number="956" hits="0" branch="true" condition-coverage="0% (0/2)" missing-branches="957,961"/>
						<line number="957" hits="0" branch="true" condition-coverage="0% (0/2)" missing-branches="956,958"/>
						<line number="958" hits="0"/>
						<line number="959" hits="0"/>
						<line number="961" hits="0"/>
						<line number="963" hits="1"/>
						<line number="966" hits="1"/>
						<line number="969" hits="1"/>
						<line number="970" hits="1"/>
						<line number="971" hits="1"/>
						<line number="975" hits="1"/>
						<line number="976" hits="1"/>
						<line number="977" hits="1"/>
						<line number="979" hits="0"/>
						<line number="980" hits="0" branch="true" condition-coverage="0% (0/2)" missing-branches="981,983"/>
						<line number="981" hits="0"/>
						<line number="982" hits="0"/>
						<line number="983" hits="0"/>
						<line number="985" hits="1"/>
						<line number="988" hits="1"/>
						<line number="989" hits="1"/>
						<line number="992" hits="1"/>
						<line number="995" hits="1"/>
						<line number="998" hits="1"/>
						<line number="1001" hits="1"/>
						<line number="1004" hits="1"/>
						<line number="1007" hits="1"/>
						<line number="1011" hits="1"/>
						<line number="1014" hits="1"/>
						<line number="1015" hits="1"/>
						<line number="1016" hits="1"/>
						<line number="1019" hits="1"/>
						<line number="1023" hits="1"/>
						<line number="1024" hits="1"/>
						<line number="1025" hits="1"/>
						<line number="1027" hits="0" branch="true" condition-coverage="0% (0/2)" missing-branches="1028,1030"/>
						<line number="1028" hits="0"/>
						<line number="1029" hits="0"/>
						<line number="1030" hits="0"/>
						<line number="1032" hits="1"/>
						<line number="1035" hits="1"/>
						<line number="1036" hits="1"/>
						<line number="1037" hits="1"/>
						<line number="1038" hits="1"/>
						<line number="1041" hits="1"/>
						<line number="1042" hits="1"/>
						<line number="1046" hits="1"/>
						<line number="1047" hits="1"/>
						<line number="1048" hits="1"/>
						<line number="1050" hits="0"/>
						<line number="1051" hits="0" branch="true" condition-coverage="0% (0/2)" missing-branches="1052,1054"/>
						<line number="1052" hits="0"/>
						<line number="1053" hits="0"/>
						<line number="1054" hits="0"/>
						<line number="1056" hits="1"/>
						<line number="1059" hits="1"/>
						<line number="1060" hits="1"/>
						<line number="1061" hits="1"/>
[...]
						<line number="210" hits="0" branch="true" condition-coverage="0% (0/2)" missing-branches="211,216"/>
						<line number="211" hits="0"/>
						<line number="216" hits="0" branch="true" condition-coverage="0% (0/2)" missing-branches="184,217"/>
						<line number="217" hits="0"/>
						<line number="220" hits="0" branch="true" condition-coverage="0% (0/2)" missing-branches="184,221"/>
						<line number="221" hits="0"/>
						<line number="223" hits="0"/>
						<line number="225" hits="0"/>
						<line number="239" hits="0" branch="true" condition-coverage="0% (0/2)" missing-branches="240,245"/>
						<line number="240" hits="0"/>
						<line number="245" hits="0" branch="true" condition-coverage="0% (0/2)" missing-branches="246,252"/>
						<line number="246" hits="0"/>
						<line number="247" hits="0" branch="true" condition-coverage="0% (0/2)" missing-branches="248,252"/>
						<line number="248" hits="0"/>
						<line number="249" hits="0" branch="true" condition-coverage="0% (0/2)" missing-branches="250,252"/>
						<line number="250" hits="0"/>
						<line number="252" hits="0"/>
						<line number="254" hits="0"/>
						<line number="268" hits="0" branch="true" condition-coverage="0% (0/2)" missing-branches="269,274"/>
						<line number="269" hits="0"/>
						<line number="274" hits="0" branch="true" condition-coverage="0% (0/2)" missing-branches="275,281"/>
						<line number="275" hits="0"/>
						<line number="276" hits="0" branch="true" condition-coverage="0% (0/2)" missing-branches="277,281"/>
						<line number="277" hits="0"/>
						<line number="281" hits="0"/>
						<line number="283" hits="0"/>
						<line number="296" hits="0" branch="true" condition-coverage="0% (0/2)" missing-branches="297,301"/>
						<line number="297" hits="0"/>
						<line number="301" hits="0" branch="true" condition-coverage="0% (0/2)" missing-branches="302,309"/>
						<line number="302" hits="0" branch="true" condition-coverage="0% (0/2)" missing-branches="301,303"/>
						<line number="303" hits="0"/>
						<line number="306" hits="0" branch="true" condition-coverage="0% (0/2)" missing-branches="301,307"/>
						<line number="307" hits="0"/>
						<line number="309" hits="0"/>
						<line number="311" hits="0"/>
						<line number="321" hits="0" branch="true" condition-coverage="0% (0/2)" missing-branches="322,324"/>
						<line number="322" hits="0"/>
						<line number="324" hits="0" branch="true" condition-coverage="0% (0/2)" missing-branches="325,348"/>
						<line number="325" hits="0" branch="true" condition-coverage="0% (0/2)" missing-branches="326,331"/>
						<line number="326" hits="0"/>
						<line number="331" hits="0" branch="true" condition-coverage="0% (0/2)" missing-branches="332,336"/>
						<line number="332" hits="0"/>
						<line number="336" hits="0" branch="true" condition-coverage="0% (0/2)" missing-branches="337,342"/>
						<line number="337" hits="0"/>
						<line number="342" hits="0"/>
						<line number="343" hits="0" branch="true" condition-coverage="0% (0/2)" missing-branches="324,344"/>
						<line number="344" hits="0"/>
						<line number="348" hits="0"/>
						<line number="350" hits="0"/>
						<line number="360" hits="0" branch="true" condition-coverage="0% (0/2)" missing-branches="361,364"/>
						<line number="361" hits="0"/>
						<line number="364" hits="0"/>
						<line number="378" hits="0" branch="true" condition-coverage="0% (0/2)" missing-branches="379,387"/>
						<line number="379" hits="0" branch="true" condition-coverage="0% (0/2)" missing-branches="380,382"/>
						<line number="380" hits="0"/>
						<line number="382" hits="0" branch="true" condition-coverage="0% (0/2)" missing-branches="378,383"/>
						<line number="383" hits="0"/>
						<line number="387" hits="0"/>
						<line number="389" hits="0"/>
						<line number="399" hits="0"/>
						<line number="406" hits="0"/>
						<line number="413" hits="0"/>
						<line number="415" hits="0"/>
						<line number="431" hits="0"/>
						<line number="433" hits="0"/>
						<line number="449" hits="0"/>
						<line number="451" hits="0"/>
						<line number="464" hits="0" branch="true" condition-coverage="0% (0/2)" missing-branches="465,468"/>
						<line number="465" hits="0"/>
						<line number="468" hits="0"/>
						<line number="471" hits="0"/>
					</lines>
				</class>
				<class name="jsonschema.py" filename="flext_api/schemas/jsonschema.py" complexity="0" line-rate="0" branch-rate="0">
					<methods/>
					<lines>
						<line number="16" hits="0"/>
						<line number="18" hits="0"/>
						<line number="20" hits="0"/>
						<line number="21" hits="0"/>
						<line number="24" hits="0"/>
						<line number="43" hits="0"/>
						<line number="58" hits="0"/>
						<line number="65" hits="0"/>
						<line number="66" hits="0"/>
						<line number="67" hits="0"/>
						<line number="70" hits="0"/>
						<line number="90" hits="0"/>
						<line number="101" hits="0" branch="true" condition-coverage="0% (0/2)" missing-branches="102,105"/>
						<line number="102" hits="0"/>
						<line number="105" hits="0"/>
						<line number="106" hits="0" branch="true" condition-coverage="0% (0/2)" missing-branches="107,112"/>
						<line number="107" hits="0"/>
						<line number="108" hits="0" branch="true" condition-coverage="0% (0/2)" missing-branches="109,112"/>
						<line number="109" hits="0"/>
						<line number="112" hits="0" branch="true" condition-coverage="0% (0/2)" missing-branches="113,120"/>
						<line number="113" hits="0"/>
						<line number="114" hits="0" branch="true" condition-coverage="0% (0/2)" missing-branches="115,120"/>
						<line number="115" hits="0"/>
						<line number="120" hits="0" branch="true" condition-coverage="0% (0/2)" missing-branches="121,136"/>
						<line number="121" hits="0" branch="true" condition-coverage="0% (0/2)" missing-branches="122,127"/>
						<line number="122" hits="0"/>
						<line number="127" hits="0" branch="true" condition-coverage="0% (0/2)" missing-branches="128,136"/>
						<line number="128" hits="0" branch="true" condition-coverage="0% (0/2)" missing-branches="127,129"/>
						<line number="129" hits="0"/>
						<line number="130" hits="0" branch="true" condition-coverage="0% (0/2)" missing-branches="127,131"/>
						<line number="131" hits="0"/>
						<line number="136" hits="0" branch="true" condition-coverage="0% (0/2)" missing-branches="137,154"/>
						<line number="137" hits="0"/>
						<line number="138" hits="0" branch="true" condition-coverage="0% (0/2)" missing-branches="139,144"/>
						<line number="139" hits="0"/>
						<line number="140" hits="0" branch="true" condition-coverage="0% (0/2)" missing-branches="141,154"/>
						<line number="141" hits="0"/>
						<line number="144" hits="0" branch="true" condition-coverage="0% (0/2)" missing-branches="145,154"/>
						<line number="145" hits="0" branch="true" condition-coverage="0% (0/2)" missing-branches="146,154"/>
						<line number="146" hits="0" branch="true" condition-coverage="0% (0/2)" missing-branches="145,147"/>
						<line number="147" hits="0"/>
						<line number="148" hits="0" branch="true" condition-coverage="0% (0/2)" missing-branches="145,149"/>
						<line number="149" hits="0"/>
						<line number="154" hits="0" branch="true" condition-coverage="0% (0/2)" missing-branches="155,165"/>
						<line number="155" hits="0" branch="true" condition-coverage="0% (0/2)" missing-branches="156,158"/>
						<line number="156" hits="0"/>
						<line number="158" hits="0" branch="true" condition-coverage="0% (0/2)" missing-branches="159,165"/>
						<line number="159" hits="0" branch="true" condition-coverage="0% (0/2)" missing-branches="158,160"/>
						<line number="160" hits="0"/>
						<line number="165" hits="0" branch="true" condition-coverage="0% (0/2)" missing-branches="166,175"/>
						<line number="166" hits="0"/>
						<line number="167" hits="0" branch="true" condition-coverage="0% (0/2)" missing-branches="168,170"/>
						<line number="168" hits="0"/>
						<line number="170" hits="0" branch="true" condition-coverage="0% (0/2)" missing-branches="171,175"/>
						<line number="171" hits="0"/>
						<line number="175" hits="0"/>
						<line number="184" hits="0"/>
						<line number="191" hits="0"/>
						<line number="207" hits="0"/>
						<line number="208" hits="0" branch="true" condition-coverage="0% (0/2)" missing-branches="209,214"/>
						<line number="209" hits="0"/>
						<line number="214" hits="0" branch="true" condition-coverage="0% (0/2)" missing-branches="215,220"/>
						<line number="215" hits="0"/>
						<line number="216" hits="0" branch="true" condition-coverage="0% (0/2)" missing-branches="217,220"/>
						<line number="217" hits="0"/>
						<line number="220" hits="0" branch="true" condition-coverage="0% (0/2)" missing-branches="221,228"/>
						<line number="221" hits="0" branch="true" condition-coverage="0% (0/2)" missing-branches="222,228"/>
						<line number="222" hits="0" branch="true" condition-coverage="0% (0/2)" missing-branches="221,223"/>
						<line number="223" hits="0"/>
						<line number="228" hits="0" branch="true" condition-coverage="0% (0/2)" missing-branches="229,240"/>
						<line number="229" hits="0" branch="true" condition-coverage="0% (0/2)" missing-branches="230,240"/>
						<line number="230" hits="0" branch="true" condition-coverage="0% (0/2)" missing-branches="229,231"/>
						<line number="231" hits="0"/>
						<line number="232" hits="0" branch="true" condition-coverage="0% (0/2)" missing-branches="229,233"/>
						<line number="233" hits="0"/>
						<line number="234" hits="0" branch="true" condition-coverage="0% (0/2)" missing-branches="229,235"/>
						<line number="235" hits="0"/>
						<line number="240" hits="0" branch="true" condition-coverage="0% (0/2)" missing-branches="241,250"/>
						<line number="241" hits="0"/>
						<line number="242" hits="0" branch="true" condition-coverage="0% (0/2)" missing-branches="243,250"/>
						<line number="243" hits="0" branch="true" condition-coverage="0% (0/2)" missing-branches="244,250"/>
						<line number="244" hits="0"/>
						<line number="245" hits="0" branch="true" condition-coverage="0% (0/2)" missing-branches="243,246"/>
						<line number="246" hits="0"/>
						<line number="250" hits="0"/>
						<line number="255" hits="0"/>
						<line number="265" hits="0"/>
						<line number="272" hits="0" branch="true" condition-coverage="0% (0/2)" missing-branches="273,275"/>
						<line number="273" hits="0"/>
						<line number="275" hits="0"/>
						<line number="277" hits="0"/>
						<line number="287" hits="0"/>
						<line number="297" hits="0" branch="true" condition-coverage="0% (0/2)" missing-branches="298,300"/>
						<line number="298" hits="0" branch="true" condition-coverage="0% (0/2)" missing-branches="299,307"/>
						<line number="299" hits="0"/>
						<line number="300" hits="0" branch="true" condition-coverage="0% (0/2)" missing-branches="301,305"/>
						<line number="301" hits="0" branch="true" condition-coverage="0% (0/2)" missing-branches="302,307"/>
						<line number="302" hits="0" branch="true" condition-coverage="0% (0/2)" missing-branches="301,303"/>
						<line number="303" hits="0"/>
						<line number="305" hits="0"/>
						<line number="307" hits="0"/>
						<line number="309" hits="0"/>
						<line number="324" hits="0"/>
						<line number="334" hits="0" branch="true" condition-coverage="0% (0/2)" missing-branches="335,340"/>
						<line number="335" hits="0"/>
						<line number="336" hits="0" branch="true" condition-coverage="0% (0/2)" missing-branches="337,352"/>
						<line number="337" hits="0"/>
						<line number="340" hits="0" branch="true" condition-coverage="0% (0/2)" missing-branches="341,352"/>
						<line number="341" hits="0"/>
						<line number="342" hits="0" branch="true" condition-coverage="0% (0/2)" missing-branches="343,347"/>
						<line number="343" hits="0"/>
						<line number="344" hits="0" branch="true" condition-coverage="0% (0/2)" missing-branches="342,345"/>
						<line number="345" hits="0"/>
						<line number="346" hits="0"/>
						<line number="347" hits="0" branch="true" condition-coverage="0% (0/2)" missing-branches="348,352"/>
						<line number="348" hits="0"/>
						<line number="352" hits="0"/>
						<line number="354" hits="0"/>
						<line number="364" hits="0"/>
						<line number="366" hits="0"/>
						<line number="373" hits="0"/>
						<line number="375" hits="0"/>
						<line number="391" hits="0"/>
						<line number="393" hits="0"/>
						<line number="409" hits="0"/>
						<line number="411" hits="0"/>
						<line number="424" hits="0" branch="true" condition-coverage="0% (0/2)" missing-branches="425,428"/>
						<line number="425" hits="0"/>
						<line number="428" hits="0"/>
						<line number="431" hits="0"/>
					</lines>
				</class>
				<class name="openapi.py" filename="flext_api/schemas/openapi.py" complexity="0" line-rate="0" branch-rate="0">
					<methods/>
					<lines>
						<line number="16" hits="0"/>
						<line number="18" hits="0"/>
						<line number="20" hits="0"/>
						<line number="21" hits="0"/>
						<line number="24" hits="0"/>
						<line number="43" hits="0"/>
						<line number="58" hits="0"/>
						<line number="65" hits="0"/>
						<line number="66" hits="0"/>
						<line number="67" hits="0"/>
						<line number="70" hits="0"/>
						<line number="72" hits="0"/>
						<line number="83" hits="0"/>
						<line number="84" hits="0" branch="true" condition-coverage="0% (0/2)" missing-branches="85,87"/>
						<line number="85" hits="0"/>
						<line number="87" hits="0" branch="true" condition-coverage="0% (0/2)" missing-branches="88,93"/>
						<line number="88" hits="0"/>
						<line number="93" hits="0"/>
						<line number="94" hits="0"/>
						<line number="95" hits="0" branch="true" condition-coverage="0% (0/2)" missing-branches="96,101"/>
						<line number="96" hits="0"/>
						<line number="101" hits="0"/>
						<line number="102" hits="0"/>
						<line number="103" hits="0"/>
						<line number="104" hits="0" branch="true" condition-coverage="0% (0/2)" missing-branches="105,110"/>
						<line number="105" hits="0"/>
						<line number="110" hits="0"/>
						<line number="111" hits="0" branch="true" condition-coverage="0% (0/2)" missing-branches="112,117"/>
						<line number="112" hits="0"/>
						<line number="117" hits="0" branch="true" condition-coverage="0% (0/2)" missing-branches="118,125"/>
						<line number="118" hits="0"/>
						<line number="119" hits="0" branch="true" condition-coverage="0% (0/2)" missing-branches="120,125"/>
						<line number="120" hits="0"/>
						<line number="125" hits="0" branch="true" condition-coverage="0% (0/2)" missing-branches="126,134"/>
						<line number="126" hits="0"/>
						<line number="129" hits="0" branch="true" condition-coverage="0% (0/2)" missing-branches="130,134"/>
						<line number="130" hits="0"/>
						<line number="134" hits="0"/>
						<line number="143" hits="0"/>
						<line number="150" hits="0"/>
						<line number="160" hits="0" branch="true" condition-coverage="0% (0/2)" missing-branches="161,163"/>
						<line number="161" hits="0"/>
						<line number="163" hits="0" branch="true" condition-coverage="0% (0/2)" missing-branches="164,189"/>
						<line number="164" hits="0" branch="true" condition-coverage="0% (0/2)" missing-branches="165,167"/>
						<line number="165" hits="0"/>
						<line number="167" hits="0" branch="true" condition-coverage="0% (0/2)" missing-branches="168,171"/>
						<line number="168" hits="0"/>
						<line number="171" hits="0"/>
						<line number="181" hits="0" branch="true" condition-coverage="0% (0/2)" missing-branches="163,182"/>
						<line number="182" hits="0" branch="true" condition-coverage="0% (0/2)" missing-branches="181,183"/>
						<line number="183" hits="0"/>
						<line number="186" hits="0" branch="true" condition-coverage="0% (0/2)" missing-branches="181,187"/>
						<line number="187" hits="0"/>
						<line number="189" hits="0"/>
						<line number="191" hits="0"/>
						<line number="205" hits="0" branch="true" condition-coverage="0% (0/2)" missing-branches="206,211"/>
						<line number="206" hits="0"/>
						<line number="211" hits="0" branch="true" condition-coverage="0% (0/2)" missing-branches="212,216"/>
						<line number="212" hits="0"/>
						<line number="216" hits="0" branch="true" condition-coverage="0% (0/2)" missing-branches="217,228"/>
						<line number="217" hits="0"/>
						<line number="218" hits="0" branch="true" condition-coverage="0% (0/2)" missing-branches="219,223"/>
						<line number="219" hits="0"/>
						<line number="223" hits="0" branch="true" condition-coverage="0% (0/2)" missing-branches="224,228"/>
						<line number="224" hits="0"/>
						<line number="228" hits="0"/>
						<line number="230" hits="0"/>
						<line number="240" hits="0" branch="true" condition-coverage="0% (0/2)" missing-branches="241,244"/>
						<line number="241" hits="0"/>
						<line number="244" hits="0"/>
						<line number="256" hits="0" branch="true" condition-coverage="0% (0/2)" missing-branches="257,265"/>
						<line number="257" hits="0" branch="true" condition-coverage="0% (0/2)" missing-branches="258,260"/>
						<line number="258" hits="0"/>
						<line number="260" hits="0" branch="true" condition-coverage="0% (0/2)" missing-branches="256,261"/>
						<line number="261" hits="0"/>
						<line number="265" hits="0"/>
						<line number="267" hits="0"/>
						<line number="279" hits="0" branch="true" condition-coverage="0% (0/2)" missing-branches="280,282"/>
						<line number="280" hits="0"/>
						<line number="282" hits="0"/>
						<line number="284" hits="0" branch="true" condition-coverage="0% (0/2)" missing-branches="285,326"/>
						<line number="285" hits="0" branch="true" condition-coverage="0% (0/2)" missing-branches="286,290"/>
						<line number="286" hits="0"/>
						<line number="290" hits="0"/>
						<line number="291" hits="0" branch="true" condition-coverage="0% (0/2)" missing-branches="292,296"/>
						<line number="292" hits="0"/>
						<line number="296" hits="0" branch="true" condition-coverage="0% (0/2)" missing-branches="297,302"/>
						<line number="297" hits="0"/>
						<line number="302" hits="0" branch="true" condition-coverage="0% (0/2)" missing-branches="303,308"/>
						<line number="303" hits="0" branch="true" condition-coverage="0% (0/2)" missing-branches="284,304"/>
						<line number="304" hits="0"/>
						<line number="308" hits="0" branch="true" condition-coverage="0% (0/2)" missing-branches="309,314"/>
						<line number="309" hits="0" branch="true" condition-coverage="0% (0/2)" missing-branches="284,310"/>
						<line number="310" hits="0"/>
						<line number="314" hits="0" branch="true" condition-coverage="0% (0/2)" missing-branches="315,320"/>
						<line number="315" hits="0" branch="true" condition-coverage="0% (0/2)" missing-branches="284,316"/>
						<line number="316" hits="0"/>
						<line number="320" hits="0" branch="true" condition-coverage="0% (0/2)" missing-branches="284,321"/>
						<line number="321" hits="0" branch="true" condition-coverage="0% (0/2)" missing-branches="284,322"/>
						<line number="322" hits="0"/>
						<line number="326" hits="0"/>
						<line number="328" hits="0"/>
						<line number="338" hits="0"/>
						<line number="340" hits="0"/>
						<line number="347" hits="0"/>
						<line number="349" hits="0"/>
						<line number="365" hits="0"/>
						<line number="367" hits="0"/>
						<line number="383" hits="0"/>
						<line number="385" hits="0"/>
						<line number="398" hits="0" branch="true" condition-coverage="0% (0/2)" missing-branches="399,402"/>
						<line number="399" hits="0"/>
						<line number="402" hits="0"/>
						<line number="405" hits="0"/>
					</lines>
				</class>
			</classes>
		</package>
	</packages>
</coverage>
